<?xml version="1.0" encoding="UTF-8"?>
<!-- Generated by org.testng.reporters.JUnitReportReporter -->
<testsuite skipped="0" hostname="home-PC" name="script.DemoA" tests="1" failures="0" timestamp="11 Oct 2018 02:56:53 GMT" time="13.484" errors="0">
  <testcase name="testA" time="13.484" classname="script.DemoA"/>
</testsuite> <!-- script.DemoA -->
