<?xml version="1.0" encoding="UTF-8"?>
<!-- Generated by org.testng.reporters.JUnitReportReporter -->
<testsuite skipped="0" hostname="home-PC" name="script.TestLogin" tests="1" failures="0" timestamp="11 Oct 2018 04:23:23 GMT" time="17.118" errors="0">
  <testcase name="testA" time="17.118" classname="script.TestLogin"/>
</testsuite> <!-- script.TestLogin -->
